<?xml version="1.0" encoding="UTF-8"?>
<testng-results ignored="0" total="1" passed="1" failed="0" skipped="0">
  <reporter-output>
  </reporter-output>
  <suite started-at="2023-06-21T04:21:19 CEST" name="InetBankingV1" finished-at="2023-06-21T04:21:43 CEST" duration-ms="23672">
    <groups>
    </groups>
    <test started-at="2023-06-21T04:21:19 CEST" name="BankingApp Test" finished-at="2023-06-21T04:21:43 CEST" duration-ms="23672">
      <class name="com.inetbanking.testcases.TC_AddCustomerTest_003">
        <test-method is-config="true" signature="setup(java.lang.String)[pri:0, instance:com.inetbanking.testcases.TC_AddCustomerTest_003@791f145a]" started-at="2023-06-21T04:21:19 CEST" name="setup" finished-at="2023-06-21T04:21:22 CEST" duration-ms="3407" status="PASS">
          <params>
            <param index="0">
              <value>
                <![CDATA[chrome]]>
              </value>
            </param>
          </params>
          <reporter-output>
          </reporter-output>
        </test-method> <!-- setup -->
        <test-method signature="addNewCustomer()[pri:0, instance:com.inetbanking.testcases.TC_AddCustomerTest_003@791f145a]" started-at="2023-06-21T04:21:22 CEST" name="addNewCustomer" finished-at="2023-06-21T04:21:42 CEST" duration-ms="19975" status="PASS">
          <reporter-output>
          </reporter-output>
        </test-method> <!-- addNewCustomer -->
        <test-method is-config="true" signature="tearDown()[pri:0, instance:com.inetbanking.testcases.TC_AddCustomerTest_003@791f145a]" started-at="2023-06-21T04:21:42 CEST" name="tearDown" finished-at="2023-06-21T04:21:43 CEST" duration-ms="136" status="PASS">
          <reporter-output>
          </reporter-output>
        </test-method> <!-- tearDown -->
      </class> <!-- com.inetbanking.testcases.TC_AddCustomerTest_003 -->
    </test> <!-- BankingApp Test -->
  </suite> <!-- InetBankingV1 -->
</testng-results>
